# JRE version: OpenJDK Runtime Environment Temurin-17.0.7+7 (17.0.7+7) (build 17.0.7+7)
# Java VM: OpenJDK 64-Bit Server VM Temurin-17.0.7+7 (17.0.7+7, mixed mode, tiered, compressed oops, compressed class ptrs, g1 gc, windows-amd64)
GC Precious Log:
 CPUs: 2 total, 2 available
 Memory: 3534M
 Large Page Support: Disabled
 NUMA Support: Disabled
 Compressed Oops: Enabled (32-bit)
 Heap Region Size: 1M
 Heap Min Capacity: 8M
 Heap Initial Capacity: 56M
 Heap Max Capacity: 884M
 Pre-touch: Disabled
 Parallel Workers: 2
 Concurrent Workers: 1
 Concurrent Refinement Workers: 2
 Periodic GC: Disabled
Heap:
 garbage-first heap   total 51200K, used 28992K [0x00000000c8c00000, 0x0000000100000000)
  region size 1024K, 16 young (16384K), 2 survivors (2048K)
 Metaspace       used 27230K, committed 27520K, reserved 1114112K
  class space    used 2967K, committed 3136K, reserved 1048576K
GC Heap History (16 events):
Event: 0.629 GC heap before
{Heap before GC invocations=0 (full 0):
 garbage-first heap   total 57344K, used 10240K [0x00000000c8c00000, 0x0000000100000000)
  region size 1024K, 6 young (6144K), 0 survivors (0K)
 Metaspace       used 6834K, committed 6976K, reserved 1114112K
  class space    used 587K, committed 704K, reserved 1048576K
}
Event: 0.636 GC heap after
{Heap after GC invocations=1 (full 0):
 garbage-first heap   total 57344K, used 7773K [0x00000000c8c00000, 0x0000000100000000)
  region size 1024K, 1 young (1024K), 1 survivors (1024K)
 Metaspace       used 6834K, committed 6976K, reserved 1114112K
  class space    used 587K, committed 704K, reserved 1048576K
}
Event: 0.858 GC heap before
{Heap before GC invocations=1 (full 0):
 garbage-first heap   total 57344K, used 9821K [0x00000000c8c00000, 0x0000000100000000)
  region size 1024K, 4 young (4096K), 1 survivors (1024K)
 Metaspace       used 8200K, committed 8320K, reserved 1114112K
  class space    used 759K, committed 832K, reserved 1048576K
}
Event: 0.861 GC heap after
{Heap after GC invocations=2 (full 0):
 garbage-first heap   total 57344K, used 8593K [0x00000000c8c00000, 0x0000000100000000)
  region size 1024K, 1 young (1024K), 1 survivors (1024K)
 Metaspace       used 8200K, committed 8320K, reserved 1114112K
  class space    used 759K, committed 832K, reserved 1048576K
}
Event: 1.299 GC heap before
{Heap before GC invocations=2 (full 0):
 garbage-first heap   total 57344K, used 15761K [0x00000000c8c00000, 0x0000000100000000)
  region size 1024K, 8 young (8192K), 1 survivors (1024K)
 Metaspace       used 11700K, committed 11904K, reserved 1114112K
  class space    used 1107K, committed 1216K, reserved 1048576K
}
Event: 1.307 GC heap after
{Heap after GC invocations=3 (full 0):
 garbage-first heap   total 57344K, used 10723K [0x00000000c8c00000, 0x0000000100000000)
  region size 1024K, 1 young (1024K), 1 survivors (1024K)
 Metaspace       used 11700K, committed 11904K, reserved 1114112K
  class space    used 1107K, committed 1216K, reserved 1048576K
}
Event: 3.318 GC heap before
{Heap before GC invocations=3 (full 0):
 garbage-first heap   total 57344K, used 20963K [0x00000000c8c00000, 0x0000000100000000)
  region size 1024K, 11 young (11264K), 1 survivors (1024K)
 Metaspace       used 15825K, committed 16000K, reserved 1114112K
  class space    used 1605K, committed 1664K, reserved 1048576K
}
Event: 3.325 GC heap after
{Heap after GC invocations=4 (full 0):
 garbage-first heap   total 57344K, used 12010K [0x00000000c8c00000, 0x0000000100000000)
  region size 1024K, 2 young (2048K), 2 survivors (2048K)
 Metaspace       used 15825K, committed 16000K, reserved 1114112K
  class space    used 1605K, committed 1664K, reserved 1048576K
}
Event: 28.015 GC heap before
{Heap before GC invocations=4 (full 0):
 garbage-first heap   total 57344K, used 29418K [0x00000000c8c00000, 0x0000000100000000)
  region size 1024K, 20 young (20480K), 2 survivors (2048K)
 Metaspace       used 20513K, committed 20736K, reserved 1114112K
  class space    used 2168K, committed 2240K, reserved 1048576K
}
Event: 28.027 GC heap after
{Heap after GC invocations=5 (full 0):
 garbage-first heap   total 57344K, used 13743K [0x00000000c8c00000, 0x0000000100000000)
  region size 1024K, 3 young (3072K), 3 survivors (3072K)
 Metaspace       used 20513K, committed 20736K, reserved 1114112K
  class space    used 2168K, committed 2240K, reserved 1048576K
}
Event: 28.158 GC heap before
{Heap before GC invocations=5 (full 0):
 garbage-first heap   total 57344K, used 13743K [0x00000000c8c00000, 0x0000000100000000)
  region size 1024K, 4 young (4096K), 3 survivors (3072K)
 Metaspace       used 21281K, committed 21504K, reserved 1114112K
  class space    used 2248K, committed 2368K, reserved 1048576K
}
Event: 28.164 GC heap after
{Heap after GC invocations=6 (full 0):
 garbage-first heap   total 57344K, used 14086K [0x00000000c8c00000, 0x0000000100000000)
  region size 1024K, 2 young (2048K), 2 survivors (2048K)
 Metaspace       used 21281K, committed 21504K, reserved 1114112K
  class space    used 2248K, committed 2368K, reserved 1048576K
}
Event: 29.944 GC heap before
{Heap before GC invocations=7 (full 0):
 garbage-first heap   total 51200K, used 36614K [0x00000000c8c00000, 0x0000000100000000)
  region size 1024K, 25 young (25600K), 2 survivors (2048K)
 Metaspace       used 25353K, committed 25536K, reserved 1114112K
  class space    used 2736K, committed 2816K, reserved 1048576K
}
Event: 29.950 GC heap after
{Heap after GC invocations=8 (full 0):
 garbage-first heap   total 51200K, used 15017K [0x00000000c8c00000, 0x0000000100000000)
  region size 1024K, 3 young (3072K), 3 survivors (3072K)
 Metaspace       used 25353K, committed 25536K, reserved 1114112K
  class space    used 2736K, committed 2816K, reserved 1048576K
}
Event: 30.084 GC heap before
{Heap before GC invocations=8 (full 0):
 garbage-first heap   total 51200K, used 36521K [0x00000000c8c00000, 0x0000000100000000)
  region size 1024K, 24 young (24576K), 3 survivors (3072K)
 Metaspace       used 25353K, committed 25536K, reserved 1114112K
  class space    used 2736K, committed 2816K, reserved 1048576K
}
Event: 30.091 GC heap after
{Heap after GC invocations=9 (full 0):
 garbage-first heap   total 51200K, used 15680K [0x00000000c8c00000, 0x0000000100000000)
  region size 1024K, 2 young (2048K), 2 survivors (2048K)
 Metaspace       used 25353K, committed 25536K, reserved 1114112K
  class space    used 2736K, committed 2816K, reserved 1048576K
}

